<?xml version="1.0" encoding="UTF-8"?>
<testsuite name="com.mdrsolutions.springbootprod.ProdreadyApplicationTests" tests="1" skipped="0" failures="0" errors="0" timestamp="2023-08-22T01:49:17" hostname="Wondimus-MBP.lan" time="0.132">
  <properties/>
  <testcase name="contextLoads()" classname="com.mdrsolutions.springbootprod.ProdreadyApplicationTests" time="0.132"/>
  <system-out><![CDATA[21:49:16.685 [Test worker] DEBUG org.springframework.test.context.BootstrapUtils - Instantiating CacheAwareContextLoaderDelegate from class [org.springframework.test.context.cache.DefaultCacheAwareContextLoaderDelegate]
21:49:16.694 [Test worker] DEBUG org.springframework.test.context.BootstrapUtils - Instantiating BootstrapContext using constructor [public org.springframework.test.context.support.DefaultBootstrapContext(java.lang.Class,org.springframework.test.context.CacheAwareContextLoaderDelegate)]
21:49:16.709 [Test worker] DEBUG org.springframework.test.context.BootstrapUtils - Instantiating TestContextBootstrapper for test class [com.mdrsolutions.springbootprod.ProdreadyApplicationTests] from class [org.springframework.boot.test.context.SpringBootTestContextBootstrapper]
21:49:16.713 [Test worker] INFO org.springframework.boot.test.context.SpringBootTestContextBootstrapper - Neither @ContextConfiguration nor @ContextHierarchy found for test class [com.mdrsolutions.springbootprod.ProdreadyApplicationTests], using SpringBootContextLoader
21:49:16.715 [Test worker] DEBUG org.springframework.test.context.support.AbstractContextLoader - Did not detect default resource location for test class [com.mdrsolutions.springbootprod.ProdreadyApplicationTests]: class path resource [com/mdrsolutions/springbootprod/ProdreadyApplicationTests-context.xml] does not exist
21:49:16.715 [Test worker] DEBUG org.springframework.test.context.support.AbstractContextLoader - Did not detect default resource location for test class [com.mdrsolutions.springbootprod.ProdreadyApplicationTests]: class path resource [com/mdrsolutions/springbootprod/ProdreadyApplicationTestsContext.groovy] does not exist
21:49:16.715 [Test worker] INFO org.springframework.test.context.support.AbstractContextLoader - Could not detect default resource locations for test class [com.mdrsolutions.springbootprod.ProdreadyApplicationTests]: no resource found for suffixes {-context.xml, Context.groovy}.
21:49:16.716 [Test worker] INFO org.springframework.test.context.support.AnnotationConfigContextLoaderUtils - Could not detect default configuration classes for test class [com.mdrsolutions.springbootprod.ProdreadyApplicationTests]: ProdreadyApplicationTests does not declare any static, non-private, non-final, nested classes annotated with @Configuration.
21:49:16.731 [Test worker] DEBUG org.springframework.test.context.support.ActiveProfilesUtils - Could not find an 'annotation declaring class' for annotation type [org.springframework.test.context.ActiveProfiles] and class [com.mdrsolutions.springbootprod.ProdreadyApplicationTests]
21:49:16.754 [Test worker] DEBUG org.springframework.context.annotation.ClassPathScanningCandidateComponentProvider - Identified candidate component class: file [/Volumes/Data/WONDIMU/Interview prep docs/ProdReadyDemo/Ex_Files_Running_Spring_Boot_in_Production_Ch4/Chapter_04/04_03_end/SpringBootProduction/build/classes/java/main/com/mdrsolutions/springbootprod/SpringBootProdApplication.class]
21:49:16.755 [Test worker] INFO org.springframework.boot.test.context.SpringBootTestContextBootstrapper - Found @SpringBootConfiguration com.mdrsolutions.springbootprod.SpringBootProdApplication for test class com.mdrsolutions.springbootprod.ProdreadyApplicationTests
21:49:16.797 [Test worker] DEBUG org.springframework.boot.test.context.SpringBootTestContextBootstrapper - @TestExecutionListeners is not present for class [com.mdrsolutions.springbootprod.ProdreadyApplicationTests]: using defaults.
21:49:16.797 [Test worker] INFO org.springframework.boot.test.context.SpringBootTestContextBootstrapper - Loaded default TestExecutionListener class names from location [META-INF/spring.factories]: [org.springframework.boot.test.autoconfigure.restdocs.RestDocsTestExecutionListener, org.springframework.boot.test.autoconfigure.web.client.MockRestServiceServerResetTestExecutionListener, org.springframework.boot.test.autoconfigure.web.servlet.MockMvcPrintOnlyOnFailureTestExecutionListener, org.springframework.boot.test.autoconfigure.web.servlet.WebDriverTestExecutionListener, org.springframework.boot.test.autoconfigure.webservices.client.MockWebServiceServerTestExecutionListener, org.springframework.boot.test.mock.mockito.MockitoTestExecutionListener, org.springframework.boot.test.mock.mockito.ResetMocksTestExecutionListener, org.springframework.test.context.web.ServletTestExecutionListener, org.springframework.test.context.support.DirtiesContextBeforeModesTestExecutionListener, org.springframework.test.context.event.ApplicationEventsTestExecutionListener, org.springframework.test.context.support.DependencyInjectionTestExecutionListener, org.springframework.test.context.support.DirtiesContextTestExecutionListener, org.springframework.test.context.transaction.TransactionalTestExecutionListener, org.springframework.test.context.jdbc.SqlScriptsTestExecutionListener, org.springframework.test.context.event.EventPublishingTestExecutionListener]
21:49:16.802 [Test worker] DEBUG org.springframework.boot.test.context.SpringBootTestContextBootstrapper - Skipping candidate TestExecutionListener [org.springframework.test.context.transaction.TransactionalTestExecutionListener] due to a missing dependency. Specify custom listener classes or make the default listener classes and their required dependencies available. Offending class: [org/springframework/transaction/interceptor/TransactionAttributeSource]
21:49:16.802 [Test worker] DEBUG org.springframework.boot.test.context.SpringBootTestContextBootstrapper - Skipping candidate TestExecutionListener [org.springframework.test.context.jdbc.SqlScriptsTestExecutionListener] due to a missing dependency. Specify custom listener classes or make the default listener classes and their required dependencies available. Offending class: [org/springframework/transaction/interceptor/TransactionAttribute]
21:49:16.802 [Test worker] INFO org.springframework.boot.test.context.SpringBootTestContextBootstrapper - Using TestExecutionListeners: [org.springframework.test.context.web.ServletTestExecutionListener@6aa095fd, org.springframework.test.context.support.DirtiesContextBeforeModesTestExecutionListener@46fefc57, org.springframework.test.context.event.ApplicationEventsTestExecutionListener@42a109e9, org.springframework.boot.test.mock.mockito.MockitoTestExecutionListener@675039e2, org.springframework.boot.test.autoconfigure.SpringBootDependencyInjectionTestExecutionListener@9b15788, org.springframework.test.context.support.DirtiesContextTestExecutionListener@389c0ead, org.springframework.test.context.event.EventPublishingTestExecutionListener@7238a616, org.springframework.boot.test.autoconfigure.restdocs.RestDocsTestExecutionListener@14c11e9a, org.springframework.boot.test.autoconfigure.web.client.MockRestServiceServerResetTestExecutionListener@174f069d, org.springframework.boot.test.autoconfigure.web.servlet.MockMvcPrintOnlyOnFailureTestExecutionListener@4f7e9bbf, org.springframework.boot.test.autoconfigure.web.servlet.WebDriverTestExecutionListener@78c18c50, org.springframework.boot.test.autoconfigure.webservices.client.MockWebServiceServerTestExecutionListener@64e8681c, org.springframework.boot.test.mock.mockito.ResetMocksTestExecutionListener@b7ce1f2]
21:49:16.803 [Test worker] DEBUG org.springframework.test.context.support.AbstractDirtiesContextTestExecutionListener - Before test class: context [DefaultTestContext@58332405 testClass = ProdreadyApplicationTests, testInstance = [null], testMethod = [null], testException = [null], mergedContextConfiguration = [WebMergedContextConfiguration@ae4d536 testClass = ProdreadyApplicationTests, locations = '{}', classes = '{class com.mdrsolutions.springbootprod.SpringBootProdApplication}', contextInitializerClasses = '[]', activeProfiles = '{}', propertySourceLocations = '{}', propertySourceProperties = '{org.springframework.boot.test.context.SpringBootTestContextBootstrapper=true}', contextCustomizers = set[org.springframework.boot.test.autoconfigure.actuate.metrics.MetricsExportContextCustomizerFactory$DisableMetricExportContextCustomizer@5c8368c4, org.springframework.boot.test.autoconfigure.properties.PropertyMappingContextCustomizer@0, org.springframework.boot.test.autoconfigure.web.servlet.WebDriverContextCustomizerFactory$Customizer@4d647c6e, org.springframework.boot.test.context.filter.ExcludeFilterContextCustomizer@556270b1, org.springframework.boot.test.json.DuplicateJsonObjectContextCustomizerFactory$DuplicateJsonObjectContextCustomizer@54d9d309, org.springframework.boot.test.mock.mockito.MockitoContextCustomizer@0, org.springframework.boot.test.web.client.TestRestTemplateContextCustomizer@60128cb6, org.springframework.boot.test.context.SpringBootTestArgs@1, org.springframework.boot.test.context.SpringBootTestWebEnvironment@62ef45a9], resourceBasePath = 'src/main/webapp', contextLoader = 'org.springframework.boot.test.context.SpringBootContextLoader', parent = [null]], attributes = map['org.springframework.test.context.web.ServletTestExecutionListener.activateListener' -> true]], class annotated with @DirtiesContext [false] with mode [null].
21:49:16.816 [Test worker] DEBUG org.springframework.test.context.support.TestPropertySourceUtils - Adding inlined properties to environment: {spring.jmx.enabled=false, org.springframework.boot.test.context.SpringBootTestContextBootstrapper=true}

  .   ____          _            __ _ _
 /\\ / ___'_ __ _ _(_)_ __  __ _ \ \ \ \
( ( )\___ | '_ | '_| | '_ \/ _` | \ \ \ \
 \\/  ___)| |_)| | | | | || (_| |  ) ) ) )
  '  |____| .__|_| |_|_| |_\__, | / / / /
 =========|_|==============|___/=/_/_/_/
 :: Spring Boot ::                (v2.5.4)

2023-08-21 21:49:16.954  INFO 78206 --- [    Test worker] c.m.s.ProdreadyApplicationTests          : Starting ProdreadyApplicationTests using Java 11.0.19 on Wondimus-MBP.lan with PID 78206 (started by wondimu in /Volumes/Data/WONDIMU/Interview prep docs/ProdReadyDemo/Ex_Files_Running_Spring_Boot_in_Production_Ch4/Chapter_04/04_03_end/SpringBootProduction)
2023-08-21 21:49:16.955  INFO 78206 --- [    Test worker] c.m.s.ProdreadyApplicationTests          : No active profile set, falling back to default profiles: default
2023-08-21 21:49:17.620  INFO 78206 --- [    Test worker] o.s.b.a.w.s.WelcomePageHandlerMapping    : Adding welcome page template: index
2023-08-21 21:49:17.758  INFO 78206 --- [    Test worker] o.s.b.a.e.web.EndpointLinksResolver      : Exposing 4 endpoint(s) beneath base path '/actuator'
2023-08-21 21:49:17.782  INFO 78206 --- [    Test worker] c.m.s.ProdreadyApplicationTests          : Started ProdreadyApplicationTests in 0.961 seconds (JVM running for 1.474)
]]></system-out>
  <system-err><![CDATA[]]></system-err>
</testsuite>
